<?xml version="1.0" encoding="UTF-8"?>
<testng-results ignored="0" total="2" passed="2" failed="0" skipped="0">
  <reporter-output>
  </reporter-output>
  <suite started-at="2023-05-22T15:23:04 IST" name="Suite" finished-at="2023-05-22T15:23:12 IST" duration-ms="7709">
    <groups>
    </groups>
    <test started-at="2023-05-22T15:23:04 IST" name="Test_Chrome" finished-at="2023-05-22T15:23:09 IST" duration-ms="4442">
      <class name="qsp2.ParallelExec">
        <test-method signature="test(java.lang.String)[pri:0, instance:qsp2.ParallelExec@a530d0a]" started-at="2023-05-22T15:23:04 IST" name="test" finished-at="2023-05-22T15:23:09 IST" duration-ms="4393" status="PASS">
          <params>
            <param index="0">
              <value>
                <![CDATA[chrome]]>
              </value>
            </param>
          </params>
          <reporter-output>
          </reporter-output>
        </test-method> <!-- test -->
      </class> <!-- qsp2.ParallelExec -->
    </test> <!-- Test_Chrome -->
    <test started-at="2023-05-22T15:23:04 IST" name="Test_firefox" finished-at="2023-05-22T15:23:12 IST" duration-ms="7709">
      <class name="qsp2.ParallelExec">
        <test-method signature="test(java.lang.String)[pri:0, instance:qsp2.ParallelExec@31e5415e]" started-at="2023-05-22T15:23:04 IST" name="test" finished-at="2023-05-22T15:23:12 IST" duration-ms="7665" status="PASS">
          <params>
            <param index="0">
              <value>
                <![CDATA[Firefox]]>
              </value>
            </param>
          </params>
          <reporter-output>
          </reporter-output>
        </test-method> <!-- test -->
      </class> <!-- qsp2.ParallelExec -->
    </test> <!-- Test_firefox -->
  </suite> <!-- Suite -->
</testng-results>
