<?xml version="1.0" encoding="UTF-8"?>
<!-- Generated by org.testng.reporters.JUnitXMLReporter -->
<testsuite ignored="0" hostname="DESKTOP-DHEM1RL" failures="1" tests="1" name="Test" time="6.741" errors="0" timestamp="2023-05-16T15:35:47 IST">
  <testcase classname="qsp1.VerificationusingSoftassert" name="login" time="2.125">
    <failure type="java.lang.AssertionError" message="The following asserts failed:
	expected [Online Shopping] but found [Online Shopping Site for Mobiles, Electronics, Furniture, Grocery, Lifestyle, Books &amp;amp; More. Best Offers!]">
      <![CDATA[java.lang.AssertionError: The following asserts failed:
expected [Online Shopping] but found [Online Shopping Site for Mobiles, Electronics, Furniture, Grocery, Lifestyle, Books & More. Best Offers!]
at qsp1.VerificationusingSoftassert.login(VerificationusingSoftassert.java:22)
at java.base/java.util.ArrayList.forEach(ArrayList.java:1511)
... Removed 29 stack frames]]>
    </failure>
  </testcase> <!-- login -->
</testsuite> <!-- Test -->
